<?xml version="1.0" encoding="UTF-8"?>
<testsuite name="br.ufg.inf.es.fs.contpatri.mobile.tombamento.TesteTombamentoDAO" time="0.026" tests="11" errors="0" skipped="0" failures="11">
  <properties>
[...]
</properties>
  <testcase name="warning" classname="junit.framework.TestSuite$1" time="0.009">
    <failure message="Exception in constructor: testAbrirConexao (java.lang.RuntimeException: Stub!&#10;	at android.test.AndroidTestCase.&lt;init&gt;(AndroidTestCase.java:5)&#10;	at br.ufg.inf.es.fs.contpatri.mobile.tombamento.TesteTombamentoDAO.&lt;init&gt;(TesteTombamentoDAO.java:10)&#10;	at sun.reflect.NativeConstructorAccessorImpl.newInstance0(Native Method)&#10;	at sun.reflect.NativeConstructorAccessorImpl.newInstance(NativeConstructorAccessorImpl.java:57)&#10;	at sun.reflect.DelegatingConstructorAccessorImpl.newInstance(DelegatingConstructorAccessorImpl.java:45)&#10;	at java.lang.reflect.Constructor.newInstance(Constructor.java:526)&#10;	at junit.framework.TestSuite.createTest(TestSuite.java:63)&#10;	at junit.framework.TestSuite.addTestMethod(TestSuite.java:310)&#10;	at junit.framework.TestSuite.addTestsFromTestCase(TestSuite.java:153)&#10;	at junit.framework.TestSuite.&lt;init&gt;(TestSuite.java:132)&#10;	at org.junit.internal.runners.JUnit38ClassRunner.&lt;init&gt;(JUnit38ClassRunner.java:72)&#10;	at org.junit.internal.builders.JUnit3Builder.runnerForClass(JUnit3Builder.java:11)&#10;	at org.junit.runners.model.RunnerBuilder.safeRunnerForClass(RunnerBuilder.java:59)&#10;	at org.junit.internal.builders.AllDefaultPossibilitiesBuilder.runnerForClass(AllDefaultPossibilitiesBuilder.java:26)&#10;	at org.junit.runners.model.RunnerBuilder.safeRunnerForClass(RunnerBuilder.java:59)&#10;	at org.junit.internal.requests.ClassRequest.getRunner(ClassRequest.java:26)&#10;	at org.apache.maven.surefire.junit4.JUnit4Provider.execute(JUnit4Provider.java:262)&#10;	at org.apache.maven.surefire.junit4.JUnit4Provider.executeTestSet(JUnit4Provider.java:153)&#10;	at org.apache.maven.surefire.junit4.JUnit4Provider.invoke(JUnit4Provider.java:124)&#10;	at org.apache.maven.surefire.booter.ForkedBooter.invokeProviderInSameClassLoader(ForkedBooter.java:200)&#10;	at org.apache.maven.surefire.booter.ForkedBooter.runSuitesInProcess(ForkedBooter.java:153)&#10;	at org.apache.maven.surefire.booter.ForkedBooter.main(ForkedBooter.java:103)&#10;)" type="junit.framework.AssertionFailedError"><![CDATA[junit.framework.AssertionFailedError: Exception in constructor: testAbrirConexao (java.lang.RuntimeException: Stub!
	at android.test.AndroidTestCase.<init>(AndroidTestCase.java:5)
	at br.ufg.inf.es.fs.contpatri.mobile.tombamento.TesteTombamentoDAO.<init>(TesteTombamentoDAO.java:10)
	at sun.reflect.NativeConstructorAccessorImpl.newInstance0(Native Method)
	at sun.reflect.NativeConstructorAccessorImpl.newInstance(NativeConstructorAccessorImpl.java:57)
	at sun.reflect.DelegatingConstructorAccessorImpl.newInstance(DelegatingConstructorAccessorImpl.java:45)
	at java.lang.reflect.Constructor.newInstance(Constructor.java:526)
	at junit.framework.TestSuite.createTest(TestSuite.java:63)
	at junit.framework.TestSuite.addTestMethod(TestSuite.java:310)
	at junit.framework.TestSuite.addTestsFromTestCase(TestSuite.java:153)
	at junit.framework.TestSuite.<init>(TestSuite.java:132)
	at org.junit.internal.runners.JUnit38ClassRunner.<init>(JUnit38ClassRunner.java:72)
	at org.junit.internal.builders.JUnit3Builder.runnerForClass(JUnit3Builder.java:11)
	at org.junit.runners.model.RunnerBuilder.safeRunnerForClass(RunnerBuilder.java:59)
	at org.junit.internal.builders.AllDefaultPossibilitiesBuilder.runnerForClass(AllDefaultPossibilitiesBuilder.java:26)
	at org.junit.runners.model.RunnerBuilder.safeRunnerForClass(RunnerBuilder.java:59)
	at org.junit.internal.requests.ClassRequest.getRunner(ClassRequest.java:26)
	at org.apache.maven.surefire.junit4.JUnit4Provider.execute(JUnit4Provider.java:262)
	at org.apache.maven.surefire.junit4.JUnit4Provider.executeTestSet(JUnit4Provider.java:153)
	at org.apache.maven.surefire.junit4.JUnit4Provider.invoke(JUnit4Provider.java:124)
	at org.apache.maven.surefire.booter.ForkedBooter.invokeProviderInSameClassLoader(ForkedBooter.java:200)
	at org.apache.maven.surefire.booter.ForkedBooter.runSuitesInProcess(ForkedBooter.java:153)
	at org.apache.maven.surefire.booter.ForkedBooter.main(ForkedBooter.java:103)
)
	at junit.framework.Assert.fail(Assert.java:57)
	at junit.framework.TestCase.fail(TestCase.java:227)
	at junit.framework.TestSuite$1.runTest(TestSuite.java:100)
]]></failure>
  </testcase>
  <testcase name="warning" classname="junit.framework.TestSuite$1" time="0.002">
    <failure message="Exception in constructor: testGetTodos (java.lang.RuntimeException: Stub!&#10;	at android.test.AndroidTestCase.&lt;init&gt;(AndroidTestCase.java:5)&#10;	at br.ufg.inf.es.fs.contpatri.mobile.tombamento.TesteTombamentoDAO.&lt;init&gt;(TesteTombamentoDAO.java:10)&#10;	at sun.reflect.NativeConstructorAccessorImpl.newInstance0(Native Method)&#10;	at sun.reflect.NativeConstructorAccessorImpl.newInstance(NativeConstructorAccessorImpl.java:57)&#10;	at sun.reflect.DelegatingConstructorAccessorImpl.newInstance(DelegatingConstructorAccessorImpl.java:45)&#10;	at java.lang.reflect.Constructor.newInstance(Constructor.java:526)&#10;	at junit.framework.TestSuite.createTest(TestSuite.java:63)&#10;	at junit.framework.TestSuite.addTestMethod(TestSuite.java:310)&#10;	at junit.framework.TestSuite.addTestsFromTestCase(TestSuite.java:153)&#10;	at junit.framework.TestSuite.&lt;init&gt;(TestSuite.java:132)&#10;	at org.junit.internal.runners.JUnit38ClassRunner.&lt;init&gt;(JUnit38ClassRunner.java:72)&#10;	at org.junit.internal.builders.JUnit3Builder.runnerForClass(JUnit3Builder.java:11)&#10;	at org.junit.runners.model.RunnerBuilder.safeRunnerForClass(RunnerBuilder.java:59)&#10;	at org.junit.internal.builders.AllDefaultPossibilitiesBuilder.runnerForClass(AllDefaultPossibilitiesBuilder.java:26)&#10;	at org.junit.runners.model.RunnerBuilder.safeRunnerForClass(RunnerBuilder.java:59)&#10;	at org.junit.internal.requests.ClassRequest.getRunner(ClassRequest.java:26)&#10;	at org.apache.maven.surefire.junit4.JUnit4Provider.execute(JUnit4Provider.java:262)&#10;	at org.apache.maven.surefire.junit4.JUnit4Provider.executeTestSet(JUnit4Provider.java:153)&#10;	at org.apache.maven.surefire.junit4.JUnit4Provider.invoke(JUnit4Provider.java:124)&#10;	at org.apache.maven.surefire.booter.ForkedBooter.invokeProviderInSameClassLoader(ForkedBooter.java:200)&#10;	at org.apache.maven.surefire.booter.ForkedBooter.runSuitesInProcess(ForkedBooter.java:153)&#10;	at org.apache.maven.surefire.booter.ForkedBooter.main(ForkedBooter.java:103)&#10;)" type="junit.framework.AssertionFailedError"><![CDATA[junit.framework.AssertionFailedError: Exception in constructor: testGetTodos (java.lang.RuntimeException: Stub!
	at android.test.AndroidTestCase.<init>(AndroidTestCase.java:5)
	at br.ufg.inf.es.fs.contpatri.mobile.tombamento.TesteTombamentoDAO.<init>(TesteTombamentoDAO.java:10)
	at sun.reflect.NativeConstructorAccessorImpl.newInstance0(Native Method)
	at sun.reflect.NativeConstructorAccessorImpl.newInstance(NativeConstructorAccessorImpl.java:57)
	at sun.reflect.DelegatingConstructorAccessorImpl.newInstance(DelegatingConstructorAccessorImpl.java:45)
	at java.lang.reflect.Constructor.newInstance(Constructor.java:526)
	at junit.framework.TestSuite.createTest(TestSuite.java:63)
	at junit.framework.TestSuite.addTestMethod(TestSuite.java:310)
	at junit.framework.TestSuite.addTestsFromTestCase(TestSuite.java:153)
	at junit.framework.TestSuite.<init>(TestSuite.java:132)
	at org.junit.internal.runners.JUnit38ClassRunner.<init>(JUnit38ClassRunner.java:72)
	at org.junit.internal.builders.JUnit3Builder.runnerForClass(JUnit3Builder.java:11)
	at org.junit.runners.model.RunnerBuilder.safeRunnerForClass(RunnerBuilder.java:59)
	at org.junit.internal.builders.AllDefaultPossibilitiesBuilder.runnerForClass(AllDefaultPossibilitiesBuilder.java:26)
	at org.junit.runners.model.RunnerBuilder.safeRunnerForClass(RunnerBuilder.java:59)
	at org.junit.internal.requests.ClassRequest.getRunner(ClassRequest.java:26)
	at org.apache.maven.surefire.junit4.JUnit4Provider.execute(JUnit4Provider.java:262)
	at org.apache.maven.surefire.junit4.JUnit4Provider.executeTestSet(JUnit4Provider.java:153)
	at org.apache.maven.surefire.junit4.JUnit4Provider.invoke(JUnit4Provider.java:124)
	at org.apache.maven.surefire.booter.ForkedBooter.invokeProviderInSameClassLoader(ForkedBooter.java:200)
	at org.apache.maven.surefire.booter.ForkedBooter.runSuitesInProcess(ForkedBooter.java:153)
	at org.apache.maven.surefire.booter.ForkedBooter.main(ForkedBooter.java:103)
)
	at junit.framework.Assert.fail(Assert.java:57)
	at junit.framework.TestCase.fail(TestCase.java:227)
	at junit.framework.TestSuite$1.runTest(TestSuite.java:100)
]]></failure>
  </testcase>
  <testcase name="warning" classname="junit.framework.TestSuite$1" time="0.002">
    <failure message="Exception in constructor: testAlterar (java.lang.RuntimeException: Stub!&#10;	at android.test.AndroidTestCase.&lt;init&gt;(AndroidTestCase.java:5)&#10;	at br.ufg.inf.es.fs.contpatri.mobile.tombamento.TesteTombamentoDAO.&lt;init&gt;(TesteTombamentoDAO.java:10)&#10;	at sun.reflect.NativeConstructorAccessorImpl.newInstance0(Native Method)&#10;	at sun.reflect.NativeConstructorAccessorImpl.newInstance(NativeConstructorAccessorImpl.java:57)&#10;	at sun.reflect.DelegatingConstructorAccessorImpl.newInstance(DelegatingConstructorAccessorImpl.java:45)&#10;	at java.lang.reflect.Constructor.newInstance(Constructor.java:526)&#10;	at junit.framework.TestSuite.createTest(TestSuite.java:63)&#10;	at junit.framework.TestSuite.addTestMethod(TestSuite.java:310)&#10;	at junit.framework.TestSuite.addTestsFromTestCase(TestSuite.java:153)&#10;	at junit.framework.TestSuite.&lt;init&gt;(TestSuite.java:132)&#10;	at org.junit.internal.runners.JUnit38ClassRunner.&lt;init&gt;(JUnit38ClassRunner.java:72)&#10;	at org.junit.internal.builders.JUnit3Builder.runnerForClass(JUnit3Builder.java:11)&#10;	at org.junit.runners.model.RunnerBuilder.safeRunnerForClass(RunnerBuilder.java:59)&#10;	at org.junit.internal.builders.AllDefaultPossibilitiesBuilder.runnerForClass(AllDefaultPossibilitiesBuilder.java:26)&#10;	at org.junit.runners.model.RunnerBuilder.safeRunnerForClass(RunnerBuilder.java:59)&#10;	at org.junit.internal.requests.ClassRequest.getRunner(ClassRequest.java:26)&#10;	at org.apache.maven.surefire.junit4.JUnit4Provider.execute(JUnit4Provider.java:262)&#10;	at org.apache.maven.surefire.junit4.JUnit4Provider.executeTestSet(JUnit4Provider.java:153)&#10;	at org.apache.maven.surefire.junit4.JUnit4Provider.invoke(JUnit4Provider.java:124)&#10;	at org.apache.maven.surefire.booter.ForkedBooter.invokeProviderInSameClassLoader(ForkedBooter.java:200)&#10;	at org.apache.maven.surefire.booter.ForkedBooter.runSuitesInProcess(ForkedBooter.java:153)&#10;	at org.apache.maven.surefire.booter.ForkedBooter.main(ForkedBooter.java:103)&#10;)" type="junit.framework.AssertionFailedError"><![CDATA[junit.framework.AssertionFailedError: Exception in constructor: testAlterar (java.lang.RuntimeException: Stub!
	at android.test.AndroidTestCase.<init>(AndroidTestCase.java:5)
	at br.ufg.inf.es.fs.contpatri.mobile.tombamento.TesteTombamentoDAO.<init>(TesteTombamentoDAO.java:10)
	at sun.reflect.NativeConstructorAccessorImpl.newInstance0(Native Method)
	at sun.reflect.NativeConstructorAccessorImpl.newInstance(NativeConstructorAccessorImpl.java:57)
	at sun.reflect.DelegatingConstructorAccessorImpl.newInstance(DelegatingConstructorAccessorImpl.java:45)
	at java.lang.reflect.Constructor.newInstance(Constructor.java:526)
	at junit.framework.TestSuite.createTest(TestSuite.java:63)
	at junit.framework.TestSuite.addTestMethod(TestSuite.java:310)
	at junit.framework.TestSuite.addTestsFromTestCase(TestSuite.java:153)
	at junit.framework.TestSuite.<init>(TestSuite.java:132)
	at org.junit.internal.runners.JUnit38ClassRunner.<init>(JUnit38ClassRunner.java:72)
	at org.junit.internal.builders.JUnit3Builder.runnerForClass(JUnit3Builder.java:11)
	at org.junit.runners.model.RunnerBuilder.safeRunnerForClass(RunnerBuilder.java:59)
	at org.junit.internal.builders.AllDefaultPossibilitiesBuilder.runnerForClass(AllDefaultPossibilitiesBuilder.java:26)
	at org.junit.runners.model.RunnerBuilder.safeRunnerForClass(RunnerBuilder.java:59)
	at org.junit.internal.requests.ClassRequest.getRunner(ClassRequest.java:26)
	at org.apache.maven.surefire.junit4.JUnit4Provider.execute(JUnit4Provider.java:262)
	at org.apache.maven.surefire.junit4.JUnit4Provider.executeTestSet(JUnit4Provider.java:153)
	at org.apache.maven.surefire.junit4.JUnit4Provider.invoke(JUnit4Provider.java:124)
	at org.apache.maven.surefire.booter.ForkedBooter.invokeProviderInSameClassLoader(ForkedBooter.java:200)
	at org.apache.maven.surefire.booter.ForkedBooter.runSuitesInProcess(ForkedBooter.java:153)
	at org.apache.maven.surefire.booter.ForkedBooter.main(ForkedBooter.java:103)
)
	at junit.framework.Assert.fail(Assert.java:57)
	at junit.framework.TestCase.fail(TestCase.java:227)
	at junit.framework.TestSuite$1.runTest(TestSuite.java:100)
]]></failure>
  </testcase>
  <testcase name="warning" classname="junit.framework.TestSuite$1" time="0.002">
    <failure message="Exception in constructor: testTombamentoDAO (java.lang.RuntimeException: Stub!&#10;	at android.test.AndroidTestCase.&lt;init&gt;(AndroidTestCase.java:5)&#10;	at br.ufg.inf.es.fs.contpatri.mobile.tombamento.TesteTombamentoDAO.&lt;init&gt;(TesteTombamentoDAO.java:10)&#10;	at sun.reflect.NativeConstructorAccessorImpl.newInstance0(Native Method)&#10;	at sun.reflect.NativeConstructorAccessorImpl.newInstance(NativeConstructorAccessorImpl.java:57)&#10;	at sun.reflect.DelegatingConstructorAccessorImpl.newInstance(DelegatingConstructorAccessorImpl.java:45)&#10;	at java.lang.reflect.Constructor.newInstance(Constructor.java:526)&#10;	at junit.framework.TestSuite.createTest(TestSuite.java:63)&#10;	at junit.framework.TestSuite.addTestMethod(TestSuite.java:310)&#10;	at junit.framework.TestSuite.addTestsFromTestCase(TestSuite.java:153)&#10;	at junit.framework.TestSuite.&lt;init&gt;(TestSuite.java:132)&#10;	at org.junit.internal.runners.JUnit38ClassRunner.&lt;init&gt;(JUnit38ClassRunner.java:72)&#10;	at org.junit.internal.builders.JUnit3Builder.runnerForClass(JUnit3Builder.java:11)&#10;	at org.junit.runners.model.RunnerBuilder.safeRunnerForClass(RunnerBuilder.java:59)&#10;	at org.junit.internal.builders.AllDefaultPossibilitiesBuilder.runnerForClass(AllDefaultPossibilitiesBuilder.java:26)&#10;	at org.junit.runners.model.RunnerBuilder.safeRunnerForClass(RunnerBuilder.java:59)&#10;	at org.junit.internal.requests.ClassRequest.getRunner(ClassRequest.java:26)&#10;	at org.apache.maven.surefire.junit4.JUnit4Provider.execute(JUnit4Provider.java:262)&#10;	at org.apache.maven.surefire.junit4.JUnit4Provider.executeTestSet(JUnit4Provider.java:153)&#10;	at org.apache.maven.surefire.junit4.JUnit4Provider.invoke(JUnit4Provider.java:124)&#10;	at org.apache.maven.surefire.booter.ForkedBooter.invokeProviderInSameClassLoader(ForkedBooter.java:200)&#10;	at org.apache.maven.surefire.booter.ForkedBooter.runSuitesInProcess(ForkedBooter.java:153)&#10;	at org.apache.maven.surefire.booter.ForkedBooter.main(ForkedBooter.java:103)&#10;)" type="junit.framework.AssertionFailedError"><![CDATA[junit.framework.AssertionFailedError: Exception in constructor: testTombamentoDAO (java.lang.RuntimeException: Stub!
	at android.test.AndroidTestCase.<init>(AndroidTestCase.java:5)
	at br.ufg.inf.es.fs.contpatri.mobile.tombamento.TesteTombamentoDAO.<init>(TesteTombamentoDAO.java:10)
	at sun.reflect.NativeConstructorAccessorImpl.newInstance0(Native Method)
	at sun.reflect.NativeConstructorAccessorImpl.newInstance(NativeConstructorAccessorImpl.java:57)
	at sun.reflect.DelegatingConstructorAccessorImpl.newInstance(DelegatingConstructorAccessorImpl.java:45)
	at java.lang.reflect.Constructor.newInstance(Constructor.java:526)
	at junit.framework.TestSuite.createTest(TestSuite.java:63)
	at junit.framework.TestSuite.addTestMethod(TestSuite.java:310)
	at junit.framework.TestSuite.addTestsFromTestCase(TestSuite.java:153)
	at junit.framework.TestSuite.<init>(TestSuite.java:132)
	at org.junit.internal.runners.JUnit38ClassRunner.<init>(JUnit38ClassRunner.java:72)
	at org.junit.internal.builders.JUnit3Builder.runnerForClass(JUnit3Builder.java:11)
	at org.junit.runners.model.RunnerBuilder.safeRunnerForClass(RunnerBuilder.java:59)
	at org.junit.internal.builders.AllDefaultPossibilitiesBuilder.runnerForClass(AllDefaultPossibilitiesBuilder.java:26)
	at org.junit.runners.model.RunnerBuilder.safeRunnerForClass(RunnerBuilder.java:59)
	at org.junit.internal.requests.ClassRequest.getRunner(ClassRequest.java:26)
	at org.apache.maven.surefire.junit4.JUnit4Provider.execute(JUnit4Provider.java:262)
	at org.apache.maven.surefire.junit4.JUnit4Provider.executeTestSet(JUnit4Provider.java:153)
	at org.apache.maven.surefire.junit4.JUnit4Provider.invoke(JUnit4Provider.java:124)
	at org.apache.maven.surefire.booter.ForkedBooter.invokeProviderInSameClassLoader(ForkedBooter.java:200)
	at org.apache.maven.surefire.booter.ForkedBooter.runSuitesInProcess(ForkedBooter.java:153)
	at org.apache.maven.surefire.booter.ForkedBooter.main(ForkedBooter.java:103)
)
	at junit.framework.Assert.fail(Assert.java:57)
	at junit.framework.TestCase.fail(TestCase.java:227)
	at junit.framework.TestSuite$1.runTest(TestSuite.java:100)
]]></failure>
  </testcase>
  <testcase name="warning" classname="junit.framework.TestSuite$1" time="0.001">
    <failure message="Exception in constructor: testLocalizar (java.lang.RuntimeException: Stub!&#10;	at android.test.AndroidTestCase.&lt;init&gt;(AndroidTestCase.java:5)&#10;	at br.ufg.inf.es.fs.contpatri.mobile.tombamento.TesteTombamentoDAO.&lt;init&gt;(TesteTombamentoDAO.java:10)&#10;	at sun.reflect.NativeConstructorAccessorImpl.newInstance0(Native Method)&#10;	at sun.reflect.NativeConstructorAccessorImpl.newInstance(NativeConstructorAccessorImpl.java:57)&#10;	at sun.reflect.DelegatingConstructorAccessorImpl.newInstance(DelegatingConstructorAccessorImpl.java:45)&#10;	at java.lang.reflect.Constructor.newInstance(Constructor.java:526)&#10;	at junit.framework.TestSuite.createTest(TestSuite.java:63)&#10;	at junit.framework.TestSuite.addTestMethod(TestSuite.java:310)&#10;	at junit.framework.TestSuite.addTestsFromTestCase(TestSuite.java:153)&#10;	at junit.framework.TestSuite.&lt;init&gt;(TestSuite.java:132)&#10;	at org.junit.internal.runners.JUnit38ClassRunner.&lt;init&gt;(JUnit38ClassRunner.java:72)&#10;	at org.junit.internal.builders.JUnit3Builder.runnerForClass(JUnit3Builder.java:11)&#10;	at org.junit.runners.model.RunnerBuilder.safeRunnerForClass(RunnerBuilder.java:59)&#10;	at org.junit.internal.builders.AllDefaultPossibilitiesBuilder.runnerForClass(AllDefaultPossibilitiesBuilder.java:26)&#10;	at org.junit.runners.model.RunnerBuilder.safeRunnerForClass(RunnerBuilder.java:59)&#10;	at org.junit.internal.requests.ClassRequest.getRunner(ClassRequest.java:26)&#10;	at org.apache.maven.surefire.junit4.JUnit4Provider.execute(JUnit4Provider.java:262)&#10;	at org.apache.maven.surefire.junit4.JUnit4Provider.executeTestSet(JUnit4Provider.java:153)&#10;	at org.apache.maven.surefire.junit4.JUnit4Provider.invoke(JUnit4Provider.java:124)&#10;	at org.apache.maven.surefire.booter.ForkedBooter.invokeProviderInSameClassLoader(ForkedBooter.java:200)&#10;	at org.apache.maven.surefire.booter.ForkedBooter.runSuitesInProcess(ForkedBooter.java:153)&#10;	at org.apache.maven.surefire.booter.ForkedBooter.main(ForkedBooter.java:103)&#10;)" type="junit.framework.AssertionFailedError"><![CDATA[junit.framework.AssertionFailedError: Exception in constructor: testLocalizar (java.lang.RuntimeException: Stub!
	at android.test.AndroidTestCase.<init>(AndroidTestCase.java:5)
	at br.ufg.inf.es.fs.contpatri.mobile.tombamento.TesteTombamentoDAO.<init>(TesteTombamentoDAO.java:10)
	at sun.reflect.NativeConstructorAccessorImpl.newInstance0(Native Method)
	at sun.reflect.NativeConstructorAccessorImpl.newInstance(NativeConstructorAccessorImpl.java:57)
	at sun.reflect.DelegatingConstructorAccessorImpl.newInstance(DelegatingConstructorAccessorImpl.java:45)
	at java.lang.reflect.Constructor.newInstance(Constructor.java:526)
	at junit.framework.TestSuite.createTest(TestSuite.java:63)
	at junit.framework.TestSuite.addTestMethod(TestSuite.java:310)
	at junit.framework.TestSuite.addTestsFromTestCase(TestSuite.java:153)
	at junit.framework.TestSuite.<init>(TestSuite.java:132)
	at org.junit.internal.runners.JUnit38ClassRunner.<init>(JUnit38ClassRunner.java:72)
	at org.junit.internal.builders.JUnit3Builder.runnerForClass(JUnit3Builder.java:11)
	at org.junit.runners.model.RunnerBuilder.safeRunnerForClass(RunnerBuilder.java:59)
	at org.junit.internal.builders.AllDefaultPossibilitiesBuilder.runnerForClass(AllDefaultPossibilitiesBuilder.java:26)
	at org.junit.runners.model.RunnerBuilder.safeRunnerForClass(RunnerBuilder.java:59)
	at org.junit.internal.requests.ClassRequest.getRunner(ClassRequest.java:26)
	at org.apache.maven.surefire.junit4.JUnit4Provider.execute(JUnit4Provider.java:262)
	at org.apache.maven.surefire.junit4.JUnit4Provider.executeTestSet(JUnit4Provider.java:153)
	at org.apache.maven.surefire.junit4.JUnit4Provider.invoke(JUnit4Provider.java:124)
	at org.apache.maven.surefire.booter.ForkedBooter.invokeProviderInSameClassLoader(ForkedBooter.java:200)
	at org.apache.maven.surefire.booter.ForkedBooter.runSuitesInProcess(ForkedBooter.java:153)
	at org.apache.maven.surefire.booter.ForkedBooter.main(ForkedBooter.java:103)
)
	at junit.framework.Assert.fail(Assert.java:57)
	at junit.framework.TestCase.fail(TestCase.java:227)
	at junit.framework.TestSuite$1.runTest(TestSuite.java:100)
]]></failure>
  </testcase>
  <testcase name="warning" classname="junit.framework.TestSuite$1" time="0.001">
    <failure message="Exception in constructor: testGetTodosJson (java.lang.RuntimeException: Stub!&#10;	at android.test.AndroidTestCase.&lt;init&gt;(AndroidTestCase.java:5)&#10;	at br.ufg.inf.es.fs.contpatri.mobile.tombamento.TesteTombamentoDAO.&lt;init&gt;(TesteTombamentoDAO.java:10)&#10;	at sun.reflect.NativeConstructorAccessorImpl.newInstance0(Native Method)&#10;	at sun.reflect.NativeConstructorAccessorImpl.newInstance(NativeConstructorAccessorImpl.java:57)&#10;	at sun.reflect.DelegatingConstructorAccessorImpl.newInstance(DelegatingConstructorAccessorImpl.java:45)&#10;	at java.lang.reflect.Constructor.newInstance(Constructor.java:526)&#10;	at junit.framework.TestSuite.createTest(TestSuite.java:63)&#10;	at junit.framework.TestSuite.addTestMethod(TestSuite.java:310)&#10;	at junit.framework.TestSuite.addTestsFromTestCase(TestSuite.java:153)&#10;	at junit.framework.TestSuite.&lt;init&gt;(TestSuite.java:132)&#10;	at org.junit.internal.runners.JUnit38ClassRunner.&lt;init&gt;(JUnit38ClassRunner.java:72)&#10;	at org.junit.internal.builders.JUnit3Builder.runnerForClass(JUnit3Builder.java:11)&#10;	at org.junit.runners.model.RunnerBuilder.safeRunnerForClass(RunnerBuilder.java:59)&#10;	at org.junit.internal.builders.AllDefaultPossibilitiesBuilder.runnerForClass(AllDefaultPossibilitiesBuilder.java:26)&#10;	at org.junit.runners.model.RunnerBuilder.safeRunnerForClass(RunnerBuilder.java:59)&#10;	at org.junit.internal.requests.ClassRequest.getRunner(ClassRequest.java:26)&#10;	at org.apache.maven.surefire.junit4.JUnit4Provider.execute(JUnit4Provider.java:262)&#10;	at org.apache.maven.surefire.junit4.JUnit4Provider.executeTestSet(JUnit4Provider.java:153)&#10;	at org.apache.maven.surefire.junit4.JUnit4Provider.invoke(JUnit4Provider.java:124)&#10;	at org.apache.maven.surefire.booter.ForkedBooter.invokeProviderInSameClassLoader(ForkedBooter.java:200)&#10;	at org.apache.maven.surefire.booter.ForkedBooter.runSuitesInProcess(ForkedBooter.java:153)&#10;	at org.apache.maven.surefire.booter.ForkedBooter.main(ForkedBooter.java:103)&#10;)" type="junit.framework.AssertionFailedError"><![CDATA[junit.framework.AssertionFailedError: Exception in constructor: testGetTodosJson (java.lang.RuntimeException: Stub!
	at android.test.AndroidTestCase.<init>(AndroidTestCase.java:5)
	at br.ufg.inf.es.fs.contpatri.mobile.tombamento.TesteTombamentoDAO.<init>(TesteTombamentoDAO.java:10)
	at sun.reflect.NativeConstructorAccessorImpl.newInstance0(Native Method)
	at sun.reflect.NativeConstructorAccessorImpl.newInstance(NativeConstructorAccessorImpl.java:57)
	at sun.reflect.DelegatingConstructorAccessorImpl.newInstance(DelegatingConstructorAccessorImpl.java:45)
	at java.lang.reflect.Constructor.newInstance(Constructor.java:526)
	at junit.framework.TestSuite.createTest(TestSuite.java:63)
	at junit.framework.TestSuite.addTestMethod(TestSuite.java:310)
	at junit.framework.TestSuite.addTestsFromTestCase(TestSuite.java:153)
	at junit.framework.TestSuite.<init>(TestSuite.java:132)
	at org.junit.internal.runners.JUnit38ClassRunner.<init>(JUnit38ClassRunner.java:72)
	at org.junit.internal.builders.JUnit3Builder.runnerForClass(JUnit3Builder.java:11)
	at org.junit.runners.model.RunnerBuilder.safeRunnerForClass(RunnerBuilder.java:59)
	at org.junit.internal.builders.AllDefaultPossibilitiesBuilder.runnerForClass(AllDefaultPossibilitiesBuilder.java:26)
	at org.junit.runners.model.RunnerBuilder.safeRunnerForClass(RunnerBuilder.java:59)
	at org.junit.internal.requests.ClassRequest.getRunner(ClassRequest.java:26)
	at org.apache.maven.surefire.junit4.JUnit4Provider.execute(JUnit4Provider.java:262)
	at org.apache.maven.surefire.junit4.JUnit4Provider.executeTestSet(JUnit4Provider.java:153)
	at org.apache.maven.surefire.junit4.JUnit4Provider.invoke(JUnit4Provider.java:124)
	at org.apache.maven.surefire.booter.ForkedBooter.invokeProviderInSameClassLoader(ForkedBooter.java:200)
	at org.apache.maven.surefire.booter.ForkedBooter.runSuitesInProcess(ForkedBooter.java:153)
	at org.apache.maven.surefire.booter.ForkedBooter.main(ForkedBooter.java:103)
)
	at junit.framework.Assert.fail(Assert.java:57)
	at junit.framework.TestCase.fail(TestCase.java:227)
	at junit.framework.TestSuite$1.runTest(TestSuite.java:100)
]]></failure>
  </testcase>
  <testcase name="warning" classname="junit.framework.TestSuite$1" time="0.002">
    <failure message="Exception in constructor: testDeletar (java.lang.RuntimeException: Stub!&#10;	at android.test.AndroidTestCase.&lt;init&gt;(AndroidTestCase.java:5)&#10;	at br.ufg.inf.es.fs.contpatri.mobile.tombamento.TesteTombamentoDAO.&lt;init&gt;(TesteTombamentoDAO.java:10)&#10;	at sun.reflect.NativeConstructorAccessorImpl.newInstance0(Native Method)&#10;	at sun.reflect.NativeConstructorAccessorImpl.newInstance(NativeConstructorAccessorImpl.java:57)&#10;	at sun.reflect.DelegatingConstructorAccessorImpl.newInstance(DelegatingConstructorAccessorImpl.java:45)&#10;	at java.lang.reflect.Constructor.newInstance(Constructor.java:526)&#10;	at junit.framework.TestSuite.createTest(TestSuite.java:63)&#10;	at junit.framework.TestSuite.addTestMethod(TestSuite.java:310)&#10;	at junit.framework.TestSuite.addTestsFromTestCase(TestSuite.java:153)&#10;	at junit.framework.TestSuite.&lt;init&gt;(TestSuite.java:132)&#10;	at org.junit.internal.runners.JUnit38ClassRunner.&lt;init&gt;(JUnit38ClassRunner.java:72)&#10;	at org.junit.internal.builders.JUnit3Builder.runnerForClass(JUnit3Builder.java:11)&#10;	at org.junit.runners.model.RunnerBuilder.safeRunnerForClass(RunnerBuilder.java:59)&#10;	at org.junit.internal.builders.AllDefaultPossibilitiesBuilder.runnerForClass(AllDefaultPossibilitiesBuilder.java:26)&#10;	at org.junit.runners.model.RunnerBuilder.safeRunnerForClass(RunnerBuilder.java:59)&#10;	at org.junit.internal.requests.ClassRequest.getRunner(ClassRequest.java:26)&#10;	at org.apache.maven.surefire.junit4.JUnit4Provider.execute(JUnit4Provider.java:262)&#10;	at org.apache.maven.surefire.junit4.JUnit4Provider.executeTestSet(JUnit4Provider.java:153)&#10;	at org.apache.maven.surefire.junit4.JUnit4Provider.invoke(JUnit4Provider.java:124)&#10;	at org.apache.maven.surefire.booter.ForkedBooter.invokeProviderInSameClassLoader(ForkedBooter.java:200)&#10;	at org.apache.maven.surefire.booter.ForkedBooter.runSuitesInProcess(ForkedBooter.java:153)&#10;	at org.apache.maven.surefire.booter.ForkedBooter.main(ForkedBooter.java:103)&#10;)" type="junit.framework.AssertionFailedError"><![CDATA[junit.framework.AssertionFailedError: Exception in constructor: testDeletar (java.lang.RuntimeException: Stub!
	at android.test.AndroidTestCase.<init>(AndroidTestCase.java:5)
	at br.ufg.inf.es.fs.contpatri.mobile.tombamento.TesteTombamentoDAO.<init>(TesteTombamentoDAO.java:10)
	at sun.reflect.NativeConstructorAccessorImpl.newInstance0(Native Method)
	at sun.reflect.NativeConstructorAccessorImpl.newInstance(NativeConstructorAccessorImpl.java:57)
	at sun.reflect.DelegatingConstructorAccessorImpl.newInstance(DelegatingConstructorAccessorImpl.java:45)
	at java.lang.reflect.Constructor.newInstance(Constructor.java:526)
	at junit.framework.TestSuite.createTest(TestSuite.java:63)
	at junit.framework.TestSuite.addTestMethod(TestSuite.java:310)
	at junit.framework.TestSuite.addTestsFromTestCase(TestSuite.java:153)
	at junit.framework.TestSuite.<init>(TestSuite.java:132)
	at org.junit.internal.runners.JUnit38ClassRunner.<init>(JUnit38ClassRunner.java:72)
	at org.junit.internal.builders.JUnit3Builder.runnerForClass(JUnit3Builder.java:11)
	at org.junit.runners.model.RunnerBuilder.safeRunnerForClass(RunnerBuilder.java:59)
	at org.junit.internal.builders.AllDefaultPossibilitiesBuilder.runnerForClass(AllDefaultPossibilitiesBuilder.java:26)
	at org.junit.runners.model.RunnerBuilder.safeRunnerForClass(RunnerBuilder.java:59)
	at org.junit.internal.requests.ClassRequest.getRunner(ClassRequest.java:26)
	at org.apache.maven.surefire.junit4.JUnit4Provider.execute(JUnit4Provider.java:262)
	at org.apache.maven.surefire.junit4.JUnit4Provider.executeTestSet(JUnit4Provider.java:153)
	at org.apache.maven.surefire.junit4.JUnit4Provider.invoke(JUnit4Provider.java:124)
	at org.apache.maven.surefire.booter.ForkedBooter.invokeProviderInSameClassLoader(ForkedBooter.java:200)
	at org.apache.maven.surefire.booter.ForkedBooter.runSuitesInProcess(ForkedBooter.java:153)
	at org.apache.maven.surefire.booter.ForkedBooter.main(ForkedBooter.java:103)
)
	at junit.framework.Assert.fail(Assert.java:57)
	at junit.framework.TestCase.fail(TestCase.java:227)
	at junit.framework.TestSuite$1.runTest(TestSuite.java:100)
]]></failure>
  </testcase>
  <testcase name="warning" classname="junit.framework.TestSuite$1" time="0.002">
    <failure message="Exception in constructor: testGetConexao (java.lang.RuntimeException: Stub!&#10;	at android.test.AndroidTestCase.&lt;init&gt;(AndroidTestCase.java:5)&#10;	at br.ufg.inf.es.fs.contpatri.mobile.tombamento.TesteTombamentoDAO.&lt;init&gt;(TesteTombamentoDAO.java:10)&#10;	at sun.reflect.NativeConstructorAccessorImpl.newInstance0(Native Method)&#10;	at sun.reflect.NativeConstructorAccessorImpl.newInstance(NativeConstructorAccessorImpl.java:57)&#10;	at sun.reflect.DelegatingConstructorAccessorImpl.newInstance(DelegatingConstructorAccessorImpl.java:45)&#10;	at java.lang.reflect.Constructor.newInstance(Constructor.java:526)&#10;	at junit.framework.TestSuite.createTest(TestSuite.java:63)&#10;	at junit.framework.TestSuite.addTestMethod(TestSuite.java:310)&#10;	at junit.framework.TestSuite.addTestsFromTestCase(TestSuite.java:153)&#10;	at junit.framework.TestSuite.&lt;init&gt;(TestSuite.java:132)&#10;	at org.junit.internal.runners.JUnit38ClassRunner.&lt;init&gt;(JUnit38ClassRunner.java:72)&#10;	at org.junit.internal.builders.JUnit3Builder.runnerForClass(JUnit3Builder.java:11)&#10;	at org.junit.runners.model.RunnerBuilder.safeRunnerForClass(RunnerBuilder.java:59)&#10;	at org.junit.internal.builders.AllDefaultPossibilitiesBuilder.runnerForClass(AllDefaultPossibilitiesBuilder.java:26)&#10;	at org.junit.runners.model.RunnerBuilder.safeRunnerForClass(RunnerBuilder.java:59)&#10;	at org.junit.internal.requests.ClassRequest.getRunner(ClassRequest.java:26)&#10;	at org.apache.maven.surefire.junit4.JUnit4Provider.execute(JUnit4Provider.java:262)&#10;	at org.apache.maven.surefire.junit4.JUnit4Provider.executeTestSet(JUnit4Provider.java:153)&#10;	at org.apache.maven.surefire.junit4.JUnit4Provider.invoke(JUnit4Provider.java:124)&#10;	at org.apache.maven.surefire.booter.ForkedBooter.invokeProviderInSameClassLoader(ForkedBooter.java:200)&#10;	at org.apache.maven.surefire.booter.ForkedBooter.runSuitesInProcess(ForkedBooter.java:153)&#10;	at org.apache.maven.surefire.booter.ForkedBooter.main(ForkedBooter.java:103)&#10;)" type="junit.framework.AssertionFailedError"><![CDATA[junit.framework.AssertionFailedError: Exception in constructor: testGetConexao (java.lang.RuntimeException: Stub!
	at android.test.AndroidTestCase.<init>(AndroidTestCase.java:5)
	at br.ufg.inf.es.fs.contpatri.mobile.tombamento.TesteTombamentoDAO.<init>(TesteTombamentoDAO.java:10)
	at sun.reflect.NativeConstructorAccessorImpl.newInstance0(Native Method)
	at sun.reflect.NativeConstructorAccessorImpl.newInstance(NativeConstructorAccessorImpl.java:57)
	at sun.reflect.DelegatingConstructorAccessorImpl.newInstance(DelegatingConstructorAccessorImpl.java:45)
	at java.lang.reflect.Constructor.newInstance(Constructor.java:526)
	at junit.framework.TestSuite.createTest(TestSuite.java:63)
	at junit.framework.TestSuite.addTestMethod(TestSuite.java:310)
	at junit.framework.TestSuite.addTestsFromTestCase(TestSuite.java:153)
	at junit.framework.TestSuite.<init>(TestSuite.java:132)
	at org.junit.internal.runners.JUnit38ClassRunner.<init>(JUnit38ClassRunner.java:72)
	at org.junit.internal.builders.JUnit3Builder.runnerForClass(JUnit3Builder.java:11)
	at org.junit.runners.model.RunnerBuilder.safeRunnerForClass(RunnerBuilder.java:59)
	at org.junit.internal.builders.AllDefaultPossibilitiesBuilder.runnerForClass(AllDefaultPossibilitiesBuilder.java:26)
	at org.junit.runners.model.RunnerBuilder.safeRunnerForClass(RunnerBuilder.java:59)
	at org.junit.internal.requests.ClassRequest.getRunner(ClassRequest.java:26)
	at org.apache.maven.surefire.junit4.JUnit4Provider.execute(JUnit4Provider.java:262)
	at org.apache.maven.surefire.junit4.JUnit4Provider.executeTestSet(JUnit4Provider.java:153)
	at org.apache.maven.surefire.junit4.JUnit4Provider.invoke(JUnit4Provider.java:124)
	at org.apache.maven.surefire.booter.ForkedBooter.invokeProviderInSameClassLoader(ForkedBooter.java:200)
	at org.apache.maven.surefire.booter.ForkedBooter.runSuitesInProcess(ForkedBooter.java:153)
	at org.apache.maven.surefire.booter.ForkedBooter.main(ForkedBooter.java:103)
)
	at junit.framework.Assert.fail(Assert.java:57)
	at junit.framework.TestCase.fail(TestCase.java:227)
	at junit.framework.TestSuite$1.runTest(TestSuite.java:100)
]]></failure>
  </testcase>
  <testcase name="warning" classname="junit.framework.TestSuite$1" time="0.001">
    <failure message="Exception in constructor: testInserir (java.lang.RuntimeException: Stub!&#10;	at android.test.AndroidTestCase.&lt;init&gt;(AndroidTestCase.java:5)&#10;	at br.ufg.inf.es.fs.contpatri.mobile.tombamento.TesteTombamentoDAO.&lt;init&gt;(TesteTombamentoDAO.java:10)&#10;	at sun.reflect.NativeConstructorAccessorImpl.newInstance0(Native Method)&#10;	at sun.reflect.NativeConstructorAccessorImpl.newInstance(NativeConstructorAccessorImpl.java:57)&#10;	at sun.reflect.DelegatingConstructorAccessorImpl.newInstance(DelegatingConstructorAccessorImpl.java:45)&#10;	at java.lang.reflect.Constructor.newInstance(Constructor.java:526)&#10;	at junit.framework.TestSuite.createTest(TestSuite.java:63)&#10;	at junit.framework.TestSuite.addTestMethod(TestSuite.java:310)&#10;	at junit.framework.TestSuite.addTestsFromTestCase(TestSuite.java:153)&#10;	at junit.framework.TestSuite.&lt;init&gt;(TestSuite.java:132)&#10;	at org.junit.internal.runners.JUnit38ClassRunner.&lt;init&gt;(JUnit38ClassRunner.java:72)&#10;	at org.junit.internal.builders.JUnit3Builder.runnerForClass(JUnit3Builder.java:11)&#10;	at org.junit.runners.model.RunnerBuilder.safeRunnerForClass(RunnerBuilder.java:59)&#10;	at org.junit.internal.builders.AllDefaultPossibilitiesBuilder.runnerForClass(AllDefaultPossibilitiesBuilder.java:26)&#10;	at org.junit.runners.model.RunnerBuilder.safeRunnerForClass(RunnerBuilder.java:59)&#10;	at org.junit.internal.requests.ClassRequest.getRunner(ClassRequest.java:26)&#10;	at org.apache.maven.surefire.junit4.JUnit4Provider.execute(JUnit4Provider.java:262)&#10;	at org.apache.maven.surefire.junit4.JUnit4Provider.executeTestSet(JUnit4Provider.java:153)&#10;	at org.apache.maven.surefire.junit4.JUnit4Provider.invoke(JUnit4Provider.java:124)&#10;	at org.apache.maven.surefire.booter.ForkedBooter.invokeProviderInSameClassLoader(ForkedBooter.java:200)&#10;	at org.apache.maven.surefire.booter.ForkedBooter.runSuitesInProcess(ForkedBooter.java:153)&#10;	at org.apache.maven.surefire.booter.ForkedBooter.main(ForkedBooter.java:103)&#10;)" type="junit.framework.AssertionFailedError"><![CDATA[junit.framework.AssertionFailedError: Exception in constructor: testInserir (java.lang.RuntimeException: Stub!
	at android.test.AndroidTestCase.<init>(AndroidTestCase.java:5)
	at br.ufg.inf.es.fs.contpatri.mobile.tombamento.TesteTombamentoDAO.<init>(TesteTombamentoDAO.java:10)
	at sun.reflect.NativeConstructorAccessorImpl.newInstance0(Native Method)
	at sun.reflect.NativeConstructorAccessorImpl.newInstance(NativeConstructorAccessorImpl.java:57)
	at sun.reflect.DelegatingConstructorAccessorImpl.newInstance(DelegatingConstructorAccessorImpl.java:45)
	at java.lang.reflect.Constructor.newInstance(Constructor.java:526)
	at junit.framework.TestSuite.createTest(TestSuite.java:63)
	at junit.framework.TestSuite.addTestMethod(TestSuite.java:310)
	at junit.framework.TestSuite.addTestsFromTestCase(TestSuite.java:153)
	at junit.framework.TestSuite.<init>(TestSuite.java:132)
	at org.junit.internal.runners.JUnit38ClassRunner.<init>(JUnit38ClassRunner.java:72)
	at org.junit.internal.builders.JUnit3Builder.runnerForClass(JUnit3Builder.java:11)
	at org.junit.runners.model.RunnerBuilder.safeRunnerForClass(RunnerBuilder.java:59)
	at org.junit.internal.builders.AllDefaultPossibilitiesBuilder.runnerForClass(AllDefaultPossibilitiesBuilder.java:26)
	at org.junit.runners.model.RunnerBuilder.safeRunnerForClass(RunnerBuilder.java:59)
	at org.junit.internal.requests.ClassRequest.getRunner(ClassRequest.java:26)
	at org.apache.maven.surefire.junit4.JUnit4Provider.execute(JUnit4Provider.java:262)
	at org.apache.maven.surefire.junit4.JUnit4Provider.executeTestSet(JUnit4Provider.java:153)
	at org.apache.maven.surefire.junit4.JUnit4Provider.invoke(JUnit4Provider.java:124)
	at org.apache.maven.surefire.booter.ForkedBooter.invokeProviderInSameClassLoader(ForkedBooter.java:200)
	at org.apache.maven.surefire.booter.ForkedBooter.runSuitesInProcess(ForkedBooter.java:153)
	at org.apache.maven.surefire.booter.ForkedBooter.main(ForkedBooter.java:103)
)
	at junit.framework.Assert.fail(Assert.java:57)
	at junit.framework.TestCase.fail(TestCase.java:227)
	at junit.framework.TestSuite$1.runTest(TestSuite.java:100)
]]></failure>
  </testcase>
  <testcase name="warning" classname="junit.framework.TestSuite$1" time="0.002">
    <failure message="Exception in constructor: testFecharConexao (java.lang.RuntimeException: Stub!&#10;	at android.test.AndroidTestCase.&lt;init&gt;(AndroidTestCase.java:5)&#10;	at br.ufg.inf.es.fs.contpatri.mobile.tombamento.TesteTombamentoDAO.&lt;init&gt;(TesteTombamentoDAO.java:10)&#10;	at sun.reflect.NativeConstructorAccessorImpl.newInstance0(Native Method)&#10;	at sun.reflect.NativeConstructorAccessorImpl.newInstance(NativeConstructorAccessorImpl.java:57)&#10;	at sun.reflect.DelegatingConstructorAccessorImpl.newInstance(DelegatingConstructorAccessorImpl.java:45)&#10;	at java.lang.reflect.Constructor.newInstance(Constructor.java:526)&#10;	at junit.framework.TestSuite.createTest(TestSuite.java:63)&#10;	at junit.framework.TestSuite.addTestMethod(TestSuite.java:310)&#10;	at junit.framework.TestSuite.addTestsFromTestCase(TestSuite.java:153)&#10;	at junit.framework.TestSuite.&lt;init&gt;(TestSuite.java:132)&#10;	at org.junit.internal.runners.JUnit38ClassRunner.&lt;init&gt;(JUnit38ClassRunner.java:72)&#10;	at org.junit.internal.builders.JUnit3Builder.runnerForClass(JUnit3Builder.java:11)&#10;	at org.junit.runners.model.RunnerBuilder.safeRunnerForClass(RunnerBuilder.java:59)&#10;	at org.junit.internal.builders.AllDefaultPossibilitiesBuilder.runnerForClass(AllDefaultPossibilitiesBuilder.java:26)&#10;	at org.junit.runners.model.RunnerBuilder.safeRunnerForClass(RunnerBuilder.java:59)&#10;	at org.junit.internal.requests.ClassRequest.getRunner(ClassRequest.java:26)&#10;	at org.apache.maven.surefire.junit4.JUnit4Provider.execute(JUnit4Provider.java:262)&#10;	at org.apache.maven.surefire.junit4.JUnit4Provider.executeTestSet(JUnit4Provider.java:153)&#10;	at org.apache.maven.surefire.junit4.JUnit4Provider.invoke(JUnit4Provider.java:124)&#10;	at org.apache.maven.surefire.booter.ForkedBooter.invokeProviderInSameClassLoader(ForkedBooter.java:200)&#10;	at org.apache.maven.surefire.booter.ForkedBooter.runSuitesInProcess(ForkedBooter.java:153)&#10;	at org.apache.maven.surefire.booter.ForkedBooter.main(ForkedBooter.java:103)&#10;)" type="junit.framework.AssertionFailedError"><![CDATA[junit.framework.AssertionFailedError: Exception in constructor: testFecharConexao (java.lang.RuntimeException: Stub!
	at android.test.AndroidTestCase.<init>(AndroidTestCase.java:5)
	at br.ufg.inf.es.fs.contpatri.mobile.tombamento.TesteTombamentoDAO.<init>(TesteTombamentoDAO.java:10)
	at sun.reflect.NativeConstructorAccessorImpl.newInstance0(Native Method)
	at sun.reflect.NativeConstructorAccessorImpl.newInstance(NativeConstructorAccessorImpl.java:57)
	at sun.reflect.DelegatingConstructorAccessorImpl.newInstance(DelegatingConstructorAccessorImpl.java:45)
	at java.lang.reflect.Constructor.newInstance(Constructor.java:526)
	at junit.framework.TestSuite.createTest(TestSuite.java:63)
	at junit.framework.TestSuite.addTestMethod(TestSuite.java:310)
	at junit.framework.TestSuite.addTestsFromTestCase(TestSuite.java:153)
	at junit.framework.TestSuite.<init>(TestSuite.java:132)
	at org.junit.internal.runners.JUnit38ClassRunner.<init>(JUnit38ClassRunner.java:72)
	at org.junit.internal.builders.JUnit3Builder.runnerForClass(JUnit3Builder.java:11)
	at org.junit.runners.model.RunnerBuilder.safeRunnerForClass(RunnerBuilder.java:59)
	at org.junit.internal.builders.AllDefaultPossibilitiesBuilder.runnerForClass(AllDefaultPossibilitiesBuilder.java:26)
	at org.junit.runners.model.RunnerBuilder.safeRunnerForClass(RunnerBuilder.java:59)
	at org.junit.internal.requests.ClassRequest.getRunner(ClassRequest.java:26)
	at org.apache.maven.surefire.junit4.JUnit4Provider.execute(JUnit4Provider.java:262)
	at org.apache.maven.surefire.junit4.JUnit4Provider.executeTestSet(JUnit4Provider.java:153)
	at org.apache.maven.surefire.junit4.JUnit4Provider.invoke(JUnit4Provider.java:124)
	at org.apache.maven.surefire.booter.ForkedBooter.invokeProviderInSameClassLoader(ForkedBooter.java:200)
	at org.apache.maven.surefire.booter.ForkedBooter.runSuitesInProcess(ForkedBooter.java:153)
	at org.apache.maven.surefire.booter.ForkedBooter.main(ForkedBooter.java:103)
)
	at junit.framework.Assert.fail(Assert.java:57)
	at junit.framework.TestCase.fail(TestCase.java:227)
	at junit.framework.TestSuite$1.runTest(TestSuite.java:100)
]]></failure>
  </testcase>
  <testcase name="warning" classname="junit.framework.TestSuite$1" time="0.002">
    <failure message="Exception in constructor: testAndroidTestCaseSetupProperly (java.lang.RuntimeException: Stub!&#10;	at android.test.AndroidTestCase.&lt;init&gt;(AndroidTestCase.java:5)&#10;	at br.ufg.inf.es.fs.contpatri.mobile.tombamento.TesteTombamentoDAO.&lt;init&gt;(TesteTombamentoDAO.java:10)&#10;	at sun.reflect.NativeConstructorAccessorImpl.newInstance0(Native Method)&#10;	at sun.reflect.NativeConstructorAccessorImpl.newInstance(NativeConstructorAccessorImpl.java:57)&#10;	at sun.reflect.DelegatingConstructorAccessorImpl.newInstance(DelegatingConstructorAccessorImpl.java:45)&#10;	at java.lang.reflect.Constructor.newInstance(Constructor.java:526)&#10;	at junit.framework.TestSuite.createTest(TestSuite.java:63)&#10;	at junit.framework.TestSuite.addTestMethod(TestSuite.java:310)&#10;	at junit.framework.TestSuite.addTestsFromTestCase(TestSuite.java:153)&#10;	at junit.framework.TestSuite.&lt;init&gt;(TestSuite.java:132)&#10;	at org.junit.internal.runners.JUnit38ClassRunner.&lt;init&gt;(JUnit38ClassRunner.java:72)&#10;	at org.junit.internal.builders.JUnit3Builder.runnerForClass(JUnit3Builder.java:11)&#10;	at org.junit.runners.model.RunnerBuilder.safeRunnerForClass(RunnerBuilder.java:59)&#10;	at org.junit.internal.builders.AllDefaultPossibilitiesBuilder.runnerForClass(AllDefaultPossibilitiesBuilder.java:26)&#10;	at org.junit.runners.model.RunnerBuilder.safeRunnerForClass(RunnerBuilder.java:59)&#10;	at org.junit.internal.requests.ClassRequest.getRunner(ClassRequest.java:26)&#10;	at org.apache.maven.surefire.junit4.JUnit4Provider.execute(JUnit4Provider.java:262)&#10;	at org.apache.maven.surefire.junit4.JUnit4Provider.executeTestSet(JUnit4Provider.java:153)&#10;	at org.apache.maven.surefire.junit4.JUnit4Provider.invoke(JUnit4Provider.java:124)&#10;	at org.apache.maven.surefire.booter.ForkedBooter.invokeProviderInSameClassLoader(ForkedBooter.java:200)&#10;	at org.apache.maven.surefire.booter.ForkedBooter.runSuitesInProcess(ForkedBooter.java:153)&#10;	at org.apache.maven.surefire.booter.ForkedBooter.main(ForkedBooter.java:103)&#10;)" type="junit.framework.AssertionFailedError"><![CDATA[junit.framework.AssertionFailedError: Exception in constructor: testAndroidTestCaseSetupProperly (java.lang.RuntimeException: Stub!
	at android.test.AndroidTestCase.<init>(AndroidTestCase.java:5)
	at br.ufg.inf.es.fs.contpatri.mobile.tombamento.TesteTombamentoDAO.<init>(TesteTombamentoDAO.java:10)
	at sun.reflect.NativeConstructorAccessorImpl.newInstance0(Native Method)
	at sun.reflect.NativeConstructorAccessorImpl.newInstance(NativeConstructorAccessorImpl.java:57)
	at sun.reflect.DelegatingConstructorAccessorImpl.newInstance(DelegatingConstructorAccessorImpl.java:45)
	at java.lang.reflect.Constructor.newInstance(Constructor.java:526)
	at junit.framework.TestSuite.createTest(TestSuite.java:63)
	at junit.framework.TestSuite.addTestMethod(TestSuite.java:310)
	at junit.framework.TestSuite.addTestsFromTestCase(TestSuite.java:153)
	at junit.framework.TestSuite.<init>(TestSuite.java:132)
	at org.junit.internal.runners.JUnit38ClassRunner.<init>(JUnit38ClassRunner.java:72)
	at org.junit.internal.builders.JUnit3Builder.runnerForClass(JUnit3Builder.java:11)
	at org.junit.runners.model.RunnerBuilder.safeRunnerForClass(RunnerBuilder.java:59)
	at org.junit.internal.builders.AllDefaultPossibilitiesBuilder.runnerForClass(AllDefaultPossibilitiesBuilder.java:26)
	at org.junit.runners.model.RunnerBuilder.safeRunnerForClass(RunnerBuilder.java:59)
	at org.junit.internal.requests.ClassRequest.getRunner(ClassRequest.java:26)
	at org.apache.maven.surefire.junit4.JUnit4Provider.execute(JUnit4Provider.java:262)
	at org.apache.maven.surefire.junit4.JUnit4Provider.executeTestSet(JUnit4Provider.java:153)
	at org.apache.maven.surefire.junit4.JUnit4Provider.invoke(JUnit4Provider.java:124)
	at org.apache.maven.surefire.booter.ForkedBooter.invokeProviderInSameClassLoader(ForkedBooter.java:200)
	at org.apache.maven.surefire.booter.ForkedBooter.runSuitesInProcess(ForkedBooter.java:153)
	at org.apache.maven.surefire.booter.ForkedBooter.main(ForkedBooter.java:103)
)
	at junit.framework.Assert.fail(Assert.java:57)
	at junit.framework.TestCase.fail(TestCase.java:227)
	at junit.framework.TestSuite$1.runTest(TestSuite.java:100)
]]></failure>
  </testcase>
</testsuite>