<?xml version="1.0" encoding="UTF-8" ?>
<testsuite failures="0" time="0.112" errors="0" skipped="0" tests="7" name="br.ufg.inf.es.fs.contpatri.model.teste.InventarioTest">
  <properties>
[...]
</properties>
  <testcase time="0.075" classname="br.ufg.inf.es.fs.contpatri.model.teste.InventarioTest" name="testarInventarioValido"/>
  <testcase time="0.003" classname="br.ufg.inf.es.fs.contpatri.model.teste.InventarioTest" name="testarInventarioSemDataEmissao"/>
  <testcase time="0.003" classname="br.ufg.inf.es.fs.contpatri.model.teste.InventarioTest" name="testarInventarioSemGestor"/>
  <testcase time="0.006" classname="br.ufg.inf.es.fs.contpatri.model.teste.InventarioTest" name="testarInventarioSemBensConferidos"/>
  <testcase time="0.005" classname="br.ufg.inf.es.fs.contpatri.model.teste.InventarioTest" name="testarInventarioConferidosVazio"/>
  <testcase time="0.003" classname="br.ufg.inf.es.fs.contpatri.model.teste.InventarioTest" name="testarInventarioCloneGestor"/>
  <testcase time="0.006" classname="br.ufg.inf.es.fs.contpatri.model.teste.InventarioTest" name="testarRemoverBemConferido"/>
</testsuite>